<?xml version="1.0" encoding="UTF-8"?>
<coverage generated="1650941838715" clover="3.2.0">
  <project timestamp="1650941838715" name="All files">
    <metrics statements="45" coveredstatements="31" conditionals="23" coveredconditionals="18" methods="14" coveredmethods="11" elements="82" coveredelements="60" complexity="0" loc="45" ncloc="45" packages="1" files="1" classes="1"/>
    <file name="index.ts" path="/Users/wangxiaogang/Documents/github/natur-immer/src/index.ts">
      <metrics statements="45" coveredstatements="31" conditionals="23" coveredconditionals="18" methods="14" coveredmethods="11"/>
      <line num="2" count="1" type="stmt"/>
      <line num="5" count="88" type="cond" truecount="2" falsecount="0"/>
      <line num="7" count="9" type="stmt"/>
      <line num="8" count="44" type="cond" truecount="1" falsecount="0"/>
      <line num="9" count="44" type="stmt"/>
      <line num="11" count="44" type="stmt"/>
      <line num="12" count="44" type="stmt"/>
      <line num="13" count="44" type="cond" truecount="2" falsecount="0"/>
      <line num="14" count="44" type="cond" truecount="2" falsecount="2"/>
      <line num="15" count="0" type="stmt"/>
      <line num="16" count="0" type="stmt"/>
      <line num="18" count="44" type="cond" truecount="4" falsecount="0"/>
      <line num="19" count="14" type="stmt"/>
      <line num="21" count="44" type="cond" truecount="4" falsecount="0"/>
      <line num="22" count="30" type="stmt"/>
      <line num="24" count="44" type="cond" truecount="1" falsecount="0"/>
      <line num="25" count="44" type="stmt"/>
      <line num="27" count="0" type="stmt"/>
      <line num="30" count="44" type="stmt"/>
      <line num="31" count="0" type="stmt"/>
      <line num="36" count="44" type="stmt"/>
      <line num="37" count="0" type="cond" truecount="0" falsecount="1"/>
      <line num="38" count="0" type="stmt"/>
      <line num="39" count="0" type="stmt"/>
      <line num="40" count="0" type="stmt"/>
      <line num="42" count="0" type="stmt"/>
      <line num="44" count="44" type="stmt"/>
      <line num="45" count="44" type="stmt"/>
      <line num="46" count="44" type="cond" truecount="1" falsecount="1"/>
      <line num="47" count="44" type="stmt"/>
      <line num="48" count="44" type="stmt"/>
      <line num="49" count="44" type="stmt"/>
      <line num="51" count="0" type="stmt"/>
      <line num="53" count="0" type="stmt"/>
      <line num="55" count="44" type="stmt"/>
      <line num="61" count="44" type="cond" truecount="1" falsecount="0"/>
      <line num="62" count="40" type="stmt"/>
      <line num="63" count="40" type="stmt"/>
      <line num="68" count="4" type="stmt"/>
      <line num="73" count="0" type="stmt"/>
      <line num="75" count="9" type="stmt"/>
      <line num="76" count="44" type="cond" truecount="0" falsecount="1"/>
      <line num="77" count="0" type="stmt"/>
      <line num="78" count="0" type="stmt"/>
      <line num="83" count="44" type="stmt"/>
    </file>
  </project>
</coverage>
