{"/Users/wangxiaogang/Documents/github/natur-immer/src/index.ts": {"path":"/Users/wangxiaogang/Documents/github/natur-immer/src/index.ts","statementMap":{"0":{"start":{"line":2,"column":0},"end":{"line":2,"column":89}},"1":{"start":{"line":5,"column":25},"end":{"line":5,"column":64}},"2":{"start":{"line":5,"column":61},"end":{"line":5,"column":null}},"3":{"start":{"line":5,"column":13},"end":{"line":5,"column":25}},"4":{"start":{"line":7,"column":48},"end":{"line":7,"column":87}},"5":{"start":{"line":7,"column":58},"end":{"line":7,"column":60}},"6":{"start":{"line":7,"column":67},"end":{"line":7,"column":69}},"7":{"start":{"line":7,"column":77},"end":{"line":7,"column":78}},"8":{"start":{"line":7,"column":83},"end":{"line":74,"column":null}},"9":{"start":{"line":7,"column":91},"end":{"line":74,"column":null}},"10":{"start":{"line":8,"column":1},"end":{"line":72,"column":null}},"11":{"start":{"line":9,"column":26},"end":{"line":9,"column":28}},"12":{"start":{"line":11,"column":23},"end":{"line":28,"column":3}},"13":{"start":{"line":12,"column":12},"end":{"line":12,"column":13}},"14":{"start":{"line":13,"column":3},"end":{"line":13,"column":null}},"15":{"start":{"line":14,"column":3},"end":{"line":17,"column":null}},"16":{"start":{"line":15,"column":4},"end":{"line":15,"column":67}},"17":{"start":{"line":16,"column":4},"end":{"line":16,"column":14}},"18":{"start":{"line":18,"column":3},"end":{"line":20,"column":null}},"19":{"start":{"line":19,"column":4},"end":{"line":19,"column":50}},"20":{"start":{"line":19,"column":40},"end":{"line":19,"column":49}},"21":{"start":{"line":21,"column":3},"end":{"line":23,"column":null}},"22":{"start":{"line":22,"column":4},"end":{"line":22,"column":26}},"23":{"start":{"line":24,"column":3},"end":{"line":26,"column":null}},"24":{"start":{"line":25,"column":4},"end":{"line":25,"column":27}},"25":{"start":{"line":27,"column":3},"end":{"line":27,"column":13}},"26":{"start":{"line":30,"column":19},"end":{"line":35,"column":9}},"27":{"start":{"line":31,"column":12},"end":{"line":34,"column":15}},"28":{"start":{"line":36,"column":20},"end":{"line":43,"column":3}},"29":{"start":{"line":36,"column":37},"end":{"line":36,"column":50}},"30":{"start":{"line":37,"column":3},"end":{"line":41,"column":null}},"31":{"start":{"line":38,"column":23},"end":{"line":38,"column":43}},"32":{"start":{"line":39,"column":23},"end":{"line":39,"column":59}},"33":{"start":{"line":40,"column":4},"end":{"line":40,"column":52}},"34":{"start":{"line":42,"column":3},"end":{"line":42,"column":54}},"35":{"start":{"line":44,"column":26},"end":{"line":54,"column":9}},"36":{"start":{"line":45,"column":13},"end":{"line":45,"column":23}},"37":{"start":{"line":46,"column":12},"end":{"line":52,"column":null}},"38":{"start":{"line":47,"column":15},"end":{"line":47,"column":29}},"39":{"start":{"line":48,"column":4},"end":{"line":48,"column":24}},"40":{"start":{"line":49,"column":16},"end":{"line":49,"column":26}},"41":{"start":{"line":51,"column":4},"end":{"line":51,"column":100}},"42":{"start":{"line":53,"column":12},"end":{"line":53,"column":21}},"43":{"start":{"line":55,"column":19},"end":{"line":60,"column":10}},"44":{"start":{"line":61,"column":2},"end":{"line":67,"column":null}},"45":{"start":{"line":62,"column":3},"end":{"line":66,"column":8}},"46":{"start":{"line":63,"column":16},"end":{"line":66,"column":7}},"47":{"start":{"line":68,"column":2},"end":{"line":71,"column":5}},"48":{"start":{"line":73,"column":1},"end":{"line":73,"column":21}},"49":{"start":{"line":7,"column":13},"end":{"line":7,"column":48}},"50":{"start":{"line":75,"column":50},"end":{"line":75,"column":60}},"51":{"start":{"line":75,"column":56},"end":{"line":84,"column":null}},"52":{"start":{"line":75,"column":64},"end":{"line":84,"column":null}},"53":{"start":{"line":76,"column":1},"end":{"line":82,"column":null}},"54":{"start":{"line":77,"column":2},"end":{"line":81,"column":7}},"55":{"start":{"line":78,"column":15},"end":{"line":81,"column":6}},"56":{"start":{"line":83,"column":1},"end":{"line":83,"column":21}},"57":{"start":{"line":75,"column":13},"end":{"line":75,"column":50}}},"fnMap":{"0":{"name":"(anonymous_3)","decl":{"start":{"line":5,"column":25},"end":{"line":5,"column":29}},"loc":{"start":{"line":5,"column":37},"end":{"line":5,"column":64}}},"1":{"name":"(anonymous_4)","decl":{"start":{"line":7,"column":48},"end":{"line":7,"column":49}},"loc":{"start":{"line":7,"column":78},"end":{"line":7,"column":87}}},"2":{"name":"(anonymous_5)","decl":{"start":{"line":7,"column":83},"end":{"line":7,"column":87}},"loc":{"start":{"line":7,"column":87},"end":{"line":7,"column":97}}},"3":{"name":"(anonymous_6)","decl":{"start":{"line":7,"column":91},"end":{"line":7,"column":97}},"loc":{"start":{"line":7,"column":97},"end":{"line":74,"column":1}}},"4":{"name":"(anonymous_7)","decl":{"start":{"line":11,"column":23},"end":{"line":11,"column":24}},"loc":{"start":{"line":11,"column":30},"end":{"line":28,"column":3}}},"5":{"name":"(anonymous_8)","decl":{"start":{"line":19,"column":35},"end":{"line":19,"column":36}},"loc":{"start":{"line":19,"column":36},"end":{"line":19,"column":41}}},"6":{"name":"(anonymous_9)","decl":{"start":{"line":30,"column":19},"end":{"line":30,"column":20}},"loc":{"start":{"line":30,"column":28},"end":{"line":35,"column":9}}},"7":{"name":"(anonymous_10)","decl":{"start":{"line":36,"column":20},"end":{"line":36,"column":21}},"loc":{"start":{"line":36,"column":35},"end":{"line":43,"column":3}}},"8":{"name":"(anonymous_11)","decl":{"start":{"line":44,"column":26},"end":{"line":44,"column":null}},"loc":{"start":{"line":44,"column":26},"end":{"line":54,"column":9}}},"9":{"name":"(anonymous_12)","decl":{"start":{"line":63,"column":10},"end":{"line":63,"column":12}},"loc":{"start":{"line":63,"column":12},"end":{"line":63,"column":20}}},"10":{"name":"(anonymous_13)","decl":{"start":{"line":75,"column":50},"end":{"line":75,"column":56}},"loc":{"start":{"line":75,"column":50},"end":{"line":75,"column":60}}},"11":{"name":"(anonymous_14)","decl":{"start":{"line":75,"column":56},"end":{"line":75,"column":60}},"loc":{"start":{"line":75,"column":60},"end":{"line":75,"column":70}}},"12":{"name":"(anonymous_15)","decl":{"start":{"line":75,"column":64},"end":{"line":75,"column":70}},"loc":{"start":{"line":75,"column":70},"end":{"line":84,"column":1}}},"13":{"name":"(anonymous_16)","decl":{"start":{"line":78,"column":9},"end":{"line":78,"column":11}},"loc":{"start":{"line":78,"column":11},"end":{"line":78,"column":19}}}},"branchMap":{"0":{"loc":{"start":{"line":5,"column":61},"end":{"line":5,"column":98}},"type":"binary-expr","locations":[{"start":{"line":5,"column":61},"end":{"line":5,"column":64}},{"start":{"line":5,"column":68},"end":{"line":5,"column":98}}]},"1":{"loc":{"start":{"line":8,"column":1},"end":{"line":72,"column":null}},"type":"if","locations":[{"start":{"line":8,"column":1},"end":{"line":72,"column":null}}]},"2":{"loc":{"start":{"line":13,"column":3},"end":{"line":13,"column":39}},"type":"binary-expr","locations":[{"start":{"line":13,"column":3},"end":{"line":13,"column":5}},{"start":{"line":13,"column":9},"end":{"line":13,"column":39}}]},"3":{"loc":{"start":{"line":14,"column":3},"end":{"line":17,"column":null}},"type":"if","locations":[{"start":{"line":14,"column":3},"end":{"line":17,"column":null}}]},"4":{"loc":{"start":{"line":14,"column":7},"end":{"line":14,"column":77}},"type":"binary-expr","locations":[{"start":{"line":14,"column":7},"end":{"line":14,"column":32}},{"start":{"line":14,"column":36},"end":{"line":14,"column":57}},{"start":{"line":14,"column":61},"end":{"line":14,"column":77}}]},"5":{"loc":{"start":{"line":18,"column":3},"end":{"line":20,"column":null}},"type":"if","locations":[{"start":{"line":18,"column":3},"end":{"line":20,"column":null}}]},"6":{"loc":{"start":{"line":18,"column":7},"end":{"line":18,"column":78}},"type":"binary-expr","locations":[{"start":{"line":18,"column":7},"end":{"line":18,"column":32}},{"start":{"line":18,"column":36},"end":{"line":18,"column":58}},{"start":{"line":18,"column":62},"end":{"line":18,"column":78}}]},"7":{"loc":{"start":{"line":21,"column":3},"end":{"line":23,"column":null}},"type":"if","locations":[{"start":{"line":21,"column":3},"end":{"line":23,"column":null}}]},"8":{"loc":{"start":{"line":21,"column":7},"end":{"line":21,"column":79}},"type":"binary-expr","locations":[{"start":{"line":21,"column":7},"end":{"line":21,"column":32}},{"start":{"line":21,"column":36},"end":{"line":21,"column":59}},{"start":{"line":21,"column":63},"end":{"line":21,"column":79}}]},"9":{"loc":{"start":{"line":24,"column":3},"end":{"line":26,"column":null}},"type":"if","locations":[{"start":{"line":24,"column":3},"end":{"line":26,"column":null}}]},"10":{"loc":{"start":{"line":37,"column":3},"end":{"line":41,"column":null}},"type":"if","locations":[{"start":{"line":37,"column":3},"end":{"line":41,"column":null}}]},"11":{"loc":{"start":{"line":46,"column":12},"end":{"line":52,"column":null}},"type":"if","locations":[{"start":{"line":46,"column":12},"end":{"line":52,"column":null}},{"start":{"line":50,"column":19},"end":{"line":52,"column":null}}]},"12":{"loc":{"start":{"line":61,"column":2},"end":{"line":67,"column":null}},"type":"if","locations":[{"start":{"line":61,"column":2},"end":{"line":67,"column":null}}]},"13":{"loc":{"start":{"line":76,"column":1},"end":{"line":82,"column":null}},"type":"if","locations":[{"start":{"line":76,"column":1},"end":{"line":82,"column":null}}]}},"s":{"0":1,"1":1,"2":88,"3":1,"4":1,"5":9,"6":9,"7":9,"8":9,"9":9,"10":44,"11":44,"12":44,"13":44,"14":44,"15":44,"16":0,"17":0,"18":44,"19":14,"20":14,"21":44,"22":30,"23":44,"24":44,"25":0,"26":44,"27":0,"28":44,"29":0,"30":0,"31":0,"32":0,"33":0,"34":0,"35":44,"36":44,"37":44,"38":44,"39":44,"40":44,"41":0,"42":0,"43":44,"44":44,"45":40,"46":40,"47":4,"48":0,"49":1,"50":1,"51":9,"52":9,"53":44,"54":0,"55":0,"56":44,"57":1},"f":{"0":88,"1":9,"2":9,"3":44,"4":44,"5":14,"6":0,"7":0,"8":44,"9":40,"10":9,"11":9,"12":44,"13":0},"b":{"0":[88,88],"1":[44],"2":[44,30],"3":[0],"4":[44,44,0],"5":[14],"6":[44,44,44],"7":[30],"8":[44,44,30],"9":[44],"10":[0],"11":[44,0],"12":[40],"13":[0]}}
}
