TN:
SF:src/index.ts
FN:5,(anonymous_3)
FN:7,(anonymous_4)
FN:7,(anonymous_5)
FN:7,(anonymous_6)
FN:11,(anonymous_7)
FN:19,(anonymous_8)
FN:30,(anonymous_9)
FN:36,(anonymous_10)
FN:44,(anonymous_11)
FN:63,(anonymous_12)
FN:75,(anonymous_13)
FN:75,(anonymous_14)
FN:75,(anonymous_15)
FN:78,(anonymous_16)
FNF:14
FNH:11
FNDA:88,(anonymous_3)
FNDA:9,(anonymous_4)
FNDA:9,(anonymous_5)
FNDA:44,(anonymous_6)
FNDA:44,(anonymous_7)
FNDA:14,(anonymous_8)
FNDA:0,(anonymous_9)
FNDA:0,(anonymous_10)
FNDA:44,(anonymous_11)
FNDA:40,(anonymous_12)
FNDA:9,(anonymous_13)
FNDA:9,(anonymous_14)
FNDA:44,(anonymous_15)
FNDA:0,(anonymous_16)
DA:2,1
DA:5,88
DA:7,9
DA:8,44
DA:9,44
DA:11,44
DA:12,44
DA:13,44
DA:14,44
DA:15,0
DA:16,0
DA:18,44
DA:19,14
DA:21,44
DA:22,30
DA:24,44
DA:25,44
DA:27,0
DA:30,44
DA:31,0
DA:36,44
DA:37,0
DA:38,0
DA:39,0
DA:40,0
DA:42,0
DA:44,44
DA:45,44
DA:46,44
DA:47,44
DA:48,44
DA:49,44
DA:51,0
DA:53,0
DA:55,44
DA:61,44
DA:62,40
DA:63,40
DA:68,4
DA:73,0
DA:75,9
DA:76,44
DA:77,0
DA:78,0
DA:83,44
LF:45
LH:31
BRDA:5,0,0,88
BRDA:5,0,1,88
BRDA:8,1,0,44
BRDA:13,2,0,44
BRDA:13,2,1,30
BRDA:14,3,0,0
BRDA:14,4,0,44
BRDA:14,4,1,44
BRDA:14,4,2,0
BRDA:18,5,0,14
BRDA:18,6,0,44
BRDA:18,6,1,44
BRDA:18,6,2,44
BRDA:21,7,0,30
BRDA:21,8,0,44
BRDA:21,8,1,44
BRDA:21,8,2,30
BRDA:24,9,0,44
BRDA:37,10,0,0
BRDA:46,11,0,44
BRDA:46,11,1,0
BRDA:61,12,0,40
BRDA:76,13,0,0
BRF:23
BRH:18
end_of_record
